{"level":"warn","timestamp":"2022-11-27/16:37:18"}
{"level":"warn","timestamp":"2022-11-27/16:39:08"}
{"level":"info","message":"Usuario logueado","timestamp":"2022-11-27/19:34:18"}
{"level":"warn","timestamp":"2022-11-27/19:34:19"}
{"level":"warn","timestamp":"2022-11-27/19:34:22"}
{"level":"info","message":"Carrito mostrado con id: 6368fc767b874434b6c48a62","timestamp":"2022-11-27/19:34:22"}
{"level":"warn","timestamp":"2022-11-27/19:34:22"}
{"level":"warn","timestamp":"2022-11-27/19:34:34"}
{"level":"info","message":"Carrito mostrado con id: 6368fc767b874434b6c48a62","timestamp":"2022-11-27/19:34:34"}
{"level":"warn","timestamp":"2022-11-27/19:34:34"}
{"level":"warn","timestamp":"2022-11-27/19:34:36"}
{"level":"info","message":"Carrito mostrado con id: 6368fc767b874434b6c48a62","timestamp":"2022-11-27/19:34:36"}
{"level":"warn","timestamp":"2022-11-27/19:34:38"}
{"level":"info","message":"Carrito mostrado con id: 6368fc767b874434b6c48a62","timestamp":"2022-11-27/19:34:38"}
{"level":"warn","timestamp":"2022-11-27/19:34:38"}
{"level":"warn","timestamp":"2022-11-27/19:34:40"}
{"level":"info","message":"Carrito mostrado con id: 6368fc767b874434b6c48a62","timestamp":"2022-11-27/19:34:40"}
{"level":"warn","timestamp":"2022-11-27/19:34:42"}
{"level":"info","message":"Carrito mostrado con id: 6368fc767b874434b6c48a62","timestamp":"2022-11-27/19:34:42"}
{"level":"warn","timestamp":"2022-11-27/19:35:46"}
{"level":"info","message":"Carrito mostrado con id: 6368fc767b874434b6c48a62","timestamp":"2022-11-27/19:35:46"}
{"level":"warn","timestamp":"2022-11-27/19:38:00"}
{"level":"info","message":"Carrito mostrado con id: 6368fc767b874434b6c48a62","timestamp":"2022-11-27/19:38:00"}
{"level":"warn","timestamp":"2022-11-27/19:38:03"}
{"level":"info","message":"Carrito mostrado con id: 6368fc767b874434b6c48a62","timestamp":"2022-11-27/19:38:04"}
{"level":"warn","timestamp":"2022-11-27/19:39:53"}
{"level":"info","message":"Carrito mostrado con id: 6368fc767b874434b6c48a62","timestamp":"2022-11-27/19:39:53"}
{"level":"info","message":"LLamada a todos los productos","timestamp":"2022-11-27/19:47:03"}
{"level":"info","message":"Base de datos conectada","timestamp":"2022-11-27/19:47:03"}
{"level":"info","message":"Elementos listados 6","timestamp":"2022-11-27/19:47:03"}
{"level":"info","message":"Carrito mostrado con id: 6368fc767b874434b6c48a62","timestamp":"2022-11-27/19:47:03"}
{"level":"info","message":"Base de datos desconectada","timestamp":"2022-11-27/19:47:03"}
{"level":"warn","timestamp":"2022-11-27/20:02:25"}
{"level":"info","message":"LLamada a todos los productos","timestamp":"2022-11-27/20:02:25"}
{"level":"info","message":"Base de datos conectada","timestamp":"2022-11-27/20:02:25"}
{"level":"info","message":"Elementos listados 6","timestamp":"2022-11-27/20:02:25"}
{"level":"info","message":"Base de datos desconectada","timestamp":"2022-11-27/20:02:25"}
{"level":"info","message":"LLamada a todos los productos","timestamp":"2022-11-27/20:03:14"}
{"level":"info","message":"Base de datos conectada","timestamp":"2022-11-27/20:03:14"}
{"level":"warn","timestamp":"2022-11-27/20:03:14"}
{"level":"info","message":"Elementos listados 6","timestamp":"2022-11-27/20:03:14"}
{"level":"info","message":"Base de datos desconectada","timestamp":"2022-11-27/20:03:14"}
{"level":"info","message":"LLamada a todos los productos","timestamp":"2022-11-27/20:09:55"}
{"level":"info","message":"Base de datos conectada","timestamp":"2022-11-27/20:09:55"}
{"level":"warn","timestamp":"2022-11-27/20:09:55"}
{"level":"info","message":"Elementos listados 6","timestamp":"2022-11-27/20:09:55"}
{"level":"info","message":"Base de datos desconectada","timestamp":"2022-11-27/20:09:55"}
{"level":"info","message":"LLamada a todos los productos","timestamp":"2022-11-27/20:11:47"}
{"level":"info","message":"Base de datos conectada","timestamp":"2022-11-27/20:11:47"}
{"level":"warn","timestamp":"2022-11-27/20:11:47"}
{"level":"info","message":"Elementos listados 6","timestamp":"2022-11-27/20:11:47"}
{"level":"info","message":"Base de datos desconectada","timestamp":"2022-11-27/20:11:47"}
{"level":"info","message":"LLamada a todos los productos","timestamp":"2022-11-27/20:12:30"}
{"level":"info","message":"Base de datos conectada","timestamp":"2022-11-27/20:12:30"}
{"level":"warn","timestamp":"2022-11-27/20:12:30"}
{"level":"info","message":"Elementos listados 6","timestamp":"2022-11-27/20:12:30"}
{"level":"info","message":"Base de datos desconectada","timestamp":"2022-11-27/20:12:30"}
{"level":"info","message":"LLamada a todos los productos","timestamp":"2022-11-27/20:19:58"}
{"level":"info","message":"Base de datos conectada","timestamp":"2022-11-27/20:19:58"}
{"level":"warn","timestamp":"2022-11-27/20:19:58"}
{"level":"info","message":"Base de datos desconectada","timestamp":"2022-11-27/20:19:58"}
{"level":"info","message":"LLamada a todos los productos","timestamp":"2022-11-27/20:20:21"}
{"level":"info","message":"Base de datos conectada","timestamp":"2022-11-27/20:20:21"}
{"level":"info","message":"Base de datos desconectada","timestamp":"2022-11-27/20:20:21"}
{"level":"info","message":"LLamada a todos los productos","timestamp":"2022-11-27/20:29:25"}
{"level":"info","message":"Base de datos conectada","timestamp":"2022-11-27/20:29:25"}
{"level":"warn","timestamp":"2022-11-27/20:29:25"}
{"level":"info","message":"Base de datos desconectada","timestamp":"2022-11-27/20:29:25"}
{"level":"info","message":"LLamada a todos los productos","timestamp":"2022-11-27/20:30:10"}
{"level":"info","message":"Base de datos conectada","timestamp":"2022-11-27/20:30:10"}
{"level":"warn","timestamp":"2022-11-27/20:30:10"}
{"level":"info","message":"Base de datos desconectada","timestamp":"2022-11-27/20:30:10"}
{"level":"info","message":"LLamada a todos los productos","timestamp":"2022-11-27/20:32:24"}
{"level":"info","message":"Base de datos conectada","timestamp":"2022-11-27/20:32:24"}
{"level":"warn","timestamp":"2022-11-27/20:32:24"}
{"level":"info","message":"Base de datos desconectada","timestamp":"2022-11-27/20:32:24"}
{"level":"info","message":"LLamada a todos los productos","timestamp":"2022-11-27/20:33:59"}
{"level":"info","message":"Base de datos conectada","timestamp":"2022-11-27/20:33:59"}
{"level":"info","message":"Base de datos desconectada","timestamp":"2022-11-27/20:33:59"}
{"level":"info","message":"LLamada a todos los productos","timestamp":"2022-11-27/20:36:17"}
{"level":"info","message":"Base de datos conectada","timestamp":"2022-11-27/20:36:17"}
{"level":"warn","timestamp":"2022-11-27/20:36:17"}
{"level":"info","message":"Base de datos desconectada","timestamp":"2022-11-27/20:36:17"}
{"level":"info","message":"LLamada a todos los productos","timestamp":"2022-11-27/20:36:53"}
{"level":"info","message":"Base de datos conectada","timestamp":"2022-11-27/20:36:53"}
{"level":"warn","timestamp":"2022-11-27/20:36:53"}
{"level":"info","message":"Base de datos desconectada","timestamp":"2022-11-27/20:36:53"}
{"level":"info","message":"LLamada a todos los productos","timestamp":"2022-11-27/20:42:30"}
{"level":"info","message":"Base de datos conectada","timestamp":"2022-11-27/20:42:30"}
{"level":"info","message":"Carrito mostrado con id: 6368fc767b874434b6c48a62","timestamp":"2022-11-27/20:42:30"}
{"level":"info","message":"Base de datos desconectada","timestamp":"2022-11-27/20:42:30"}
{"level":"info","message":"LLamada a todos los productos","timestamp":"2022-11-27/20:43:31"}
{"level":"info","message":"Base de datos conectada","timestamp":"2022-11-27/20:43:31"}
{"level":"info","message":"Carrito mostrado con id: 6368fc767b874434b6c48a62","timestamp":"2022-11-27/20:43:31"}
{"level":"info","message":"Base de datos desconectada","timestamp":"2022-11-27/20:43:31"}
{"level":"info","message":"LLamada a todos los productos","timestamp":"2022-11-27/20:45:02"}
{"level":"info","message":"Base de datos conectada","timestamp":"2022-11-27/20:45:02"}
{"level":"warn","timestamp":"2022-11-27/20:45:02"}
{"level":"info","message":"Base de datos desconectada","timestamp":"2022-11-27/20:45:02"}
{"level":"info","message":"LLamada a todos los productos","timestamp":"2022-11-27/20:46:22"}
{"level":"info","message":"Base de datos conectada","timestamp":"2022-11-27/20:46:22"}
{"level":"info","message":"Base de datos conectada","timestamp":"2022-11-27/20:46:22"}
{"level":"info","message":"Base de datos desconectada","timestamp":"2022-11-27/20:46:22"}
{"level":"info","message":"Base de datos desconectada","timestamp":"2022-11-27/20:46:22"}
{"level":"info","message":"Carrito mostrado con id: 6368fc767b874434b6c48a62","timestamp":"2022-11-27/20:46:22"}
{"level":"info","message":"LLamada a todos los productos","timestamp":"2022-11-27/20:46:31"}
{"level":"info","message":"Base de datos conectada","timestamp":"2022-11-27/20:46:31"}
{"level":"info","message":"Base de datos desconectada","timestamp":"2022-11-27/20:46:31"}
{"level":"info","message":"LLamada a todos los productos","timestamp":"2022-11-27/20:49:25"}
{"level":"info","message":"Base de datos conectada","timestamp":"2022-11-27/20:49:25"}
{"level":"info","message":"Base de datos conectada","timestamp":"2022-11-27/20:49:25"}
{"level":"info","message":"Base de datos desconectada","timestamp":"2022-11-27/20:49:26"}
{"level":"info","message":"Base de datos desconectada","timestamp":"2022-11-27/20:49:26"}
{"level":"info","message":"Carrito mostrado con id: 6368fc767b874434b6c48a62","timestamp":"2022-11-27/20:49:26"}
{"level":"info","message":"LLamada a todos los productos","timestamp":"2022-11-27/20:51:24"}
{"level":"info","message":"Base de datos conectada","timestamp":"2022-11-27/20:51:24"}
{"level":"info","message":"Base de datos conectada","timestamp":"2022-11-27/20:51:24"}
{"level":"info","message":"Base de datos desconectada","timestamp":"2022-11-27/20:51:24"}
{"level":"info","message":"Base de datos desconectada","timestamp":"2022-11-27/20:51:24"}
{"level":"info","message":"Carrito mostrado con id: 6368fc767b874434b6c48a62","timestamp":"2022-11-27/20:51:24"}
{"level":"info","message":"LLamada a todos los productos","timestamp":"2022-11-27/20:52:08"}
{"level":"info","message":"Base de datos conectada","timestamp":"2022-11-27/20:52:08"}
{"level":"info","message":"Base de datos conectada","timestamp":"2022-11-27/20:52:08"}
{"level":"info","message":"Base de datos desconectada","timestamp":"2022-11-27/20:52:08"}
{"level":"info","message":"Base de datos desconectada","timestamp":"2022-11-27/20:52:08"}
{"level":"info","message":"Carrito mostrado con id: 6368fc767b874434b6c48a62","timestamp":"2022-11-27/20:52:08"}
{"level":"info","message":"Usuario deslogueado","timestamp":"2022-11-27/20:58:04"}
{"level":"info","message":"LLamada a todos los productos","timestamp":"2022-11-27/20:58:06"}
{"level":"info","message":"Base de datos conectada","timestamp":"2022-11-27/20:58:06"}
{"level":"info","message":"Base de datos desconectada","timestamp":"2022-11-27/20:58:06"}
{"level":"info","message":"LLamada a todos los productos","timestamp":"2022-11-27/20:58:09"}
{"level":"info","message":"Base de datos conectada","timestamp":"2022-11-27/20:58:10"}
{"level":"info","message":"Base de datos desconectada","timestamp":"2022-11-27/20:58:10"}
{"level":"info","message":"LLamada a todos los productos","timestamp":"2022-11-27/21:02:38"}
{"level":"info","message":"Base de datos conectada","timestamp":"2022-11-27/21:02:38"}
{"level":"info","message":"Base de datos desconectada","timestamp":"2022-11-27/21:02:38"}
{"level":"info","message":"LLamada a todos los productos","timestamp":"2022-11-27/21:02:40"}
{"level":"info","message":"Base de datos conectada","timestamp":"2022-11-27/21:02:41"}
{"level":"info","message":"Base de datos desconectada","timestamp":"2022-11-27/21:02:41"}
{"level":"info","message":"Nuevo usuario creado","timestamp":"2022-11-27/21:05:31"}
{"level":"info","message":"Nuevo usuario fede registrado","timestamp":"2022-11-27/21:05:31"}
{"level":"info","message":"Email enviado, nuevo usuario: fede","timestamp":"2022-11-27/21:05:31"}
{"level":"info","message":"LLamada a todos los productos","timestamp":"2022-11-27/21:05:32"}
{"level":"info","message":"Base de datos conectada","timestamp":"2022-11-27/21:05:32"}
{"level":"info","message":"Base de datos desconectada","timestamp":"2022-11-27/21:05:32"}
{"level":"info","message":"Usuario logueado","timestamp":"2022-11-27/21:06:54"}
{"level":"info","message":"LLamada a todos los productos","timestamp":"2022-11-27/21:06:56"}
{"level":"info","message":"Base de datos conectada","timestamp":"2022-11-27/21:06:56"}
{"level":"info","message":"Base de datos desconectada","timestamp":"2022-11-27/21:06:56"}
{"level":"info","message":"LLamada a todos los productos","timestamp":"2022-11-27/21:08:14"}
{"level":"info","message":"Base de datos conectada","timestamp":"2022-11-27/21:08:14"}
{"level":"info","message":"Base de datos desconectada","timestamp":"2022-11-27/21:08:14"}
{"level":"info","message":"Base de datos conectada","timestamp":"2022-11-27/21:08:14"}
{"level":"info","message":"Base de datos desconectada","timestamp":"2022-11-27/21:08:14"}
{"level":"info","message":"Carrito mostrado con id: 6383fb4be2b136c49e85841d","timestamp":"2022-11-27/21:08:14"}
{"level":"info","message":"LLamada a todos los productos","timestamp":"2022-11-27/21:12:56"}
{"level":"info","message":"Base de datos conectada","timestamp":"2022-11-27/21:12:56"}
{"level":"info","message":"Base de datos conectada","timestamp":"2022-11-27/21:12:56"}
{"level":"info","message":"Base de datos desconectada","timestamp":"2022-11-27/21:12:56"}
{"level":"info","message":"Base de datos desconectada","timestamp":"2022-11-27/21:12:56"}
{"level":"info","message":"Carrito mostrado con id: 6383fb4be2b136c49e85841d","timestamp":"2022-11-27/21:12:56"}
